This file contains any messages produced by compilers while
running configure, to aid debugging if configure makes a mistake.

It was created by sagarmatha-control-center configure 2.2.9, which was
generated by GNU Autoconf 2.69.  Invocation command line was

  $ /home/arun/Downloads/sagarmatha-control-center/./configure --build=i686-linux-gnu --prefix=/usr --includedir=${prefix}/include --mandir=${prefix}/share/man --infodir=${prefix}/share/info --sysconfdir=/etc --localstatedir=/var --libexecdir=${prefix}/lib/sagarmatha-control-center --srcdir=. --disable-maintainer-mode --disable-dependency-tracking --disable-silent-rules --disable-scrollkeeper --disable-ibus --disable-update-mimedb --with-clutter

## --------- ##
## Platform. ##
## --------- ##

hostname = arun-VirtualBox
uname -m = i686
uname -r = 3.8.0-19-generic
uname -s = Linux
uname -v = #29-Ubuntu SMP Wed Apr 17 18:19:42 UTC 2013

/usr/bin/uname -p = unknown
/bin/uname -X     = unknown

/bin/arch              = unknown
/usr/bin/arch -k       = unknown
/usr/convex/getsysinfo = unknown
/usr/bin/hostinfo      = unknown
/bin/machine           = unknown
/usr/bin/oslevel       = unknown
/bin/universe          = unknown

PATH: /usr/local/sbin
PATH: /usr/local/bin
PATH: /usr/sbin
PATH: /usr/bin
PATH: /sbin
PATH: /bin
PATH: /usr/games
PATH: /usr/local/games


## ----------- ##
## Core tests. ##
## ----------- ##

configure:2531: checking for a BSD-compatible install
configure:2599: result: /usr/bin/install -c
configure:2610: checking whether build environment is sane
configure:2660: result: yes
configure:2801: checking for a thread-safe mkdir -p
configure:2840: result: /bin/mkdir -p
configure:2853: checking for gawk
configure:2869: found /usr/bin/gawk
configure:2880: result: gawk
configure:2891: checking whether make sets $(MAKE)
configure:2913: result: yes
configure:2988: checking how to create a ustar tar archive
configure:3001: tar --version
tar (GNU tar) 1.26
Copyright (C) 2011 Free Software Foundation, Inc.
License GPLv3+: GNU GPL version 3 or later <http://gnu.org/licenses/gpl.html>.
This is free software: you are free to change and redistribute it.
There is NO WARRANTY, to the extent permitted by law.

Written by John Gilmore and Jay Fenlason.
configure:3004: $? = 0
configure:3044: tardir=conftest.dir && eval tar --format=ustar -chf - "$tardir" >conftest.tar
configure:3047: $? = 0
configure:3051: tar -xf - <conftest.tar
configure:3054: $? = 0
configure:3067: result: gnutar
configure:3075: checking whether to enable maintainer-specific portions of Makefiles
configure:3084: result: no
configure:3108: checking whether make supports nested variables
configure:3125: result: yes
configure:3186: checking for gcc
configure:3202: found /usr/bin/gcc
configure:3213: result: gcc
configure:3442: checking for C compiler version
configure:3451: gcc --version >&5
gcc-4.7.real (Ubuntu/Linaro 4.7.3-1ubuntu1) 4.7.3
Copyright (C) 2012 Free Software Foundation, Inc.
This is free software; see the source for copying conditions.  There is NO
warranty; not even for MERCHANTABILITY or FITNESS FOR A PARTICULAR PURPOSE.

configure:3462: $? = 0
configure:3451: gcc -v >&5
Using built-in specs.
COLLECT_GCC=/usr/bin/gcc-4.7.real
COLLECT_LTO_WRAPPER=/usr/lib/gcc/i686-linux-gnu/4.7/lto-wrapper
Target: i686-linux-gnu
Configured with: ../src/configure -v --with-pkgversion='Ubuntu/Linaro 4.7.3-1ubuntu1' --with-bugurl=file:///usr/share/doc/gcc-4.7/README.Bugs --enable-languages=c,c++,go,fortran,objc,obj-c++ --prefix=/usr --program-suffix=-4.7 --enable-shared --enable-linker-build-id --libexecdir=/usr/lib --without-included-gettext --enable-threads=posix --with-gxx-include-dir=/usr/include/c++/4.7 --libdir=/usr/lib --enable-nls --with-sysroot=/ --enable-clocale=gnu --enable-libstdcxx-debug --enable-libstdcxx-time=yes --enable-gnu-unique-object --enable-plugin --with-system-zlib --enable-objc-gc --enable-targets=all --with-cloog --enable-cloog-backend=ppl --disable-cloog-version-check --disable-ppl-version-check --enable-multiarch --disable-werror --with-arch-32=i686 --with-multilib-list=m32,m64,mx32 --with-tune=generic --enable-checking=release --build=i686-linux-gnu --host=i686-linux-gnu --target=i686-linux-gnu
Thread model: posix
gcc version 4.7.3 (Ubuntu/Linaro 4.7.3-1ubuntu1) 
configure:3462: $? = 0
configure:3451: gcc -V >&5
gcc-4.7.real: error: unrecognized command line option '-V'
gcc-4.7.real: fatal error: no input files
compilation terminated.
configure:3462: $? = 4
configure:3451: gcc -qversion >&5
gcc-4.7.real: error: unrecognized command line option '-qversion'
gcc-4.7.real: fatal error: no input files
compilation terminated.
configure:3462: $? = 4
configure:3482: checking whether the C compiler works
configure:3504: gcc -g -O2 -fstack-protector --param=ssp-buffer-size=4 -Wformat -Werror=format-security -Wall -D_FORTIFY_SOURCE=2 -Wl,-Bsymbolic-functions -Wl,-z,relro -Wl,-z,defs -Wl,-O1 -Wl,--as-needed conftest.c  >&5
configure:3508: $? = 0
configure:3556: result: yes
configure:3559: checking for C compiler default output file name
configure:3561: result: a.out
configure:3567: checking for suffix of executables
configure:3574: gcc -o conftest -g -O2 -fstack-protector --param=ssp-buffer-size=4 -Wformat -Werror=format-security -Wall -D_FORTIFY_SOURCE=2 -Wl,-Bsymbolic-functions -Wl,-z,relro -Wl,-z,defs -Wl,-O1 -Wl,--as-needed conftest.c  >&5
configure:3578: $? = 0
configure:3600: result: 
configure:3622: checking whether we are cross compiling
configure:3630: gcc -o conftest -g -O2 -fstack-protector --param=ssp-buffer-size=4 -Wformat -Werror=format-security -Wall -D_FORTIFY_SOURCE=2 -Wl,-Bsymbolic-functions -Wl,-z,relro -Wl,-z,defs -Wl,-O1 -Wl,--as-needed conftest.c  >&5
configure:3634: $? = 0
configure:3641: ./conftest
configure:3645: $? = 0
configure:3660: result: no
configure:3665: checking for suffix of object files
configure:3687: gcc -c -g -O2 -fstack-protector --param=ssp-buffer-size=4 -Wformat -Werror=format-security -Wall -D_FORTIFY_SOURCE=2 conftest.c >&5
configure:3691: $? = 0
configure:3712: result: o
configure:3716: checking whether we are using the GNU C compiler
configure:3735: gcc -c -g -O2 -fstack-protector --param=ssp-buffer-size=4 -Wformat -Werror=format-security -Wall -D_FORTIFY_SOURCE=2 conftest.c >&5
configure:3735: $? = 0
configure:3744: result: yes
configure:3753: checking whether gcc accepts -g
configure:3773: gcc -c -g -D_FORTIFY_SOURCE=2 conftest.c >&5
configure:3773: $? = 0
configure:3814: result: yes
configure:3831: checking for gcc option to accept ISO C89
configure:3894: gcc  -c -g -O2 -fstack-protector --param=ssp-buffer-size=4 -Wformat -Werror=format-security -Wall -D_FORTIFY_SOURCE=2 conftest.c >&5
configure:3894: $? = 0
configure:3907: result: none needed
configure:3938: checking for style of include used by make
configure:3966: result: GNU
configure:3992: checking dependency style of gcc
configure:4103: result: none
configure:4119: checking whether gcc and cc understand -c and -o together
configure:4150: gcc -c conftest.c -o conftest2.o >&5
configure:4154: $? = 0
configure:4160: gcc -c conftest.c -o conftest2.o >&5
configure:4164: $? = 0
configure:4175: cc -c conftest.c >&5
configure:4179: $? = 0
configure:4187: cc -c conftest.c -o conftest2.o >&5
configure:4191: $? = 0
configure:4197: cc -c conftest.c -o conftest2.o >&5
configure:4201: $? = 0
configure:4219: result: yes
configure:4250: checking how to run the C preprocessor
configure:4281: gcc -E -D_FORTIFY_SOURCE=2 conftest.c
configure:4281: $? = 0
configure:4295: gcc -E -D_FORTIFY_SOURCE=2 conftest.c
conftest.c:11:28: fatal error: ac_nonexistent.h: No such file or directory
compilation terminated.
configure:4295: $? = 1
configure: failed program was:
| /* confdefs.h */
| #define PACKAGE_NAME "sagarmatha-control-center"
| #define PACKAGE_TARNAME "sagarmatha-control-center"
| #define PACKAGE_VERSION "2.2.9"
| #define PACKAGE_STRING "sagarmatha-control-center 2.2.9"
| #define PACKAGE_BUGREPORT "http://bugzilla.gnome.org/enter_bug.cgi?product=sagarmatha-control-center"
| #define PACKAGE_URL ""
| #define PACKAGE "sagarmatha-control-center"
| #define VERSION "2.2.9"
| /* end confdefs.h.  */
| #include <ac_nonexistent.h>
configure:4320: result: gcc -E
configure:4340: gcc -E -D_FORTIFY_SOURCE=2 conftest.c
configure:4340: $? = 0
configure:4354: gcc -E -D_FORTIFY_SOURCE=2 conftest.c
conftest.c:11:28: fatal error: ac_nonexistent.h: No such file or directory
compilation terminated.
configure:4354: $? = 1
configure: failed program was:
| /* confdefs.h */
| #define PACKAGE_NAME "sagarmatha-control-center"
| #define PACKAGE_TARNAME "sagarmatha-control-center"
| #define PACKAGE_VERSION "2.2.9"
| #define PACKAGE_STRING "sagarmatha-control-center 2.2.9"
| #define PACKAGE_BUGREPORT "http://bugzilla.gnome.org/enter_bug.cgi?product=sagarmatha-control-center"
| #define PACKAGE_URL ""
| #define PACKAGE "sagarmatha-control-center"
| #define VERSION "2.2.9"
| /* end confdefs.h.  */
| #include <ac_nonexistent.h>
configure:4383: checking for grep that handles long lines and -e
configure:4441: result: /bin/grep
configure:4446: checking for egrep
configure:4508: result: /bin/grep -E
configure:4513: checking for ANSI C header files
configure:4533: gcc -c -g -O2 -fstack-protector --param=ssp-buffer-size=4 -Wformat -Werror=format-security -Wall -D_FORTIFY_SOURCE=2 conftest.c >&5
configure:4533: $? = 0
configure:4606: gcc -o conftest -g -O2 -fstack-protector --param=ssp-buffer-size=4 -Wformat -Werror=format-security -Wall -D_FORTIFY_SOURCE=2 -Wl,-Bsymbolic-functions -Wl,-z,relro -Wl,-z,defs -Wl,-O1 -Wl,--as-needed conftest.c  >&5
configure:4606: $? = 0
configure:4606: ./conftest
configure:4606: $? = 0
configure:4617: result: yes
configure:4657: checking build system type
configure:4671: result: i686-pc-linux-gnu
configure:4691: checking host system type
configure:4704: result: i686-pc-linux-gnu
configure:4745: checking how to print strings
configure:4772: result: printf
configure:4793: checking for a sed that does not truncate output
configure:4857: result: /bin/sed
configure:4875: checking for fgrep
configure:4937: result: /bin/grep -F
configure:4972: checking for ld used by gcc
configure:5039: result: /usr/bin/ld
configure:5046: checking if the linker (/usr/bin/ld) is GNU ld
configure:5061: result: yes
configure:5073: checking for BSD- or MS-compatible name lister (nm)
configure:5122: result: /usr/bin/nm -B
configure:5252: checking the name lister (/usr/bin/nm -B) interface
configure:5259: gcc -c -g -O2 -fstack-protector --param=ssp-buffer-size=4 -Wformat -Werror=format-security -Wall -D_FORTIFY_SOURCE=2 conftest.c >&5
configure:5262: /usr/bin/nm -B "conftest.o"
configure:5265: output
00000000 B some_variable
configure:5272: result: BSD nm
configure:5275: checking whether ln -s works
configure:5279: result: yes
configure:5287: checking the maximum length of command line arguments
configure:5418: result: 805306365
configure:5435: checking whether the shell understands some XSI constructs
configure:5445: result: yes
configure:5449: checking whether the shell understands "+="
configure:5455: result: yes
configure:5490: checking how to convert i686-pc-linux-gnu file names to i686-pc-linux-gnu format
configure:5530: result: func_convert_file_noop
configure:5537: checking how to convert i686-pc-linux-gnu file names to toolchain format
configure:5557: result: func_convert_file_noop
configure:5564: checking for /usr/bin/ld option to reload object files
configure:5571: result: -r
configure:5645: checking for objdump
configure:5661: found /usr/bin/objdump
configure:5672: result: objdump
configure:5704: checking how to recognize dependent libraries
configure:5902: result: pass_all
configure:5987: checking for dlltool
configure:6017: result: no
configure:6047: checking how to associate runtime and link libraries
configure:6074: result: printf %s\n
configure:6134: checking for ar
configure:6150: found /usr/bin/ar
configure:6161: result: ar
configure:6198: checking for archiver @FILE support
configure:6215: gcc -c -g -O2 -fstack-protector --param=ssp-buffer-size=4 -Wformat -Werror=format-security -Wall -D_FORTIFY_SOURCE=2 conftest.c >&5
configure:6215: $? = 0
configure:6218: ar cru libconftest.a @conftest.lst >&5
configure:6221: $? = 0
configure:6226: ar cru libconftest.a @conftest.lst >&5
ar: conftest.o: No such file or directory
configure:6229: $? = 1
configure:6241: result: @
configure:6299: checking for strip
configure:6315: found /usr/bin/strip
configure:6326: result: strip
configure:6398: checking for ranlib
configure:6414: found /usr/bin/ranlib
configure:6425: result: ranlib
configure:6527: checking command to parse /usr/bin/nm -B output from gcc object
configure:6647: gcc -c -g -O2 -fstack-protector --param=ssp-buffer-size=4 -Wformat -Werror=format-security -Wall -D_FORTIFY_SOURCE=2 conftest.c >&5
configure:6650: $? = 0
configure:6654: /usr/bin/nm -B conftest.o \| sed -n -e 's/^.*[ ]\([ABCDGIRSTW][ABCDGIRSTW]*\)[ ][ ]*\([_A-Za-z][_A-Za-z0-9]*\)$/\1 \2 \2/p' | sed '/ __gnu_lto/d' \> conftest.nm
configure:6657: $? = 0
configure:6723: gcc -o conftest -g -O2 -fstack-protector --param=ssp-buffer-size=4 -Wformat -Werror=format-security -Wall -D_FORTIFY_SOURCE=2 -Wl,-Bsymbolic-functions -Wl,-z,relro -Wl,-z,defs -Wl,-O1 -Wl,--as-needed conftest.c conftstm.o >&5
configure:6726: $? = 0
configure:6764: result: ok
configure:6801: checking for sysroot
configure:6831: result: no
configure:7094: checking for mt
configure:7110: found /bin/mt
configure:7121: result: mt
configure:7144: checking if mt is a manifest tool
configure:7150: mt '-?'
configure:7158: result: no
configure:7800: checking for sys/types.h
configure:7800: gcc -c -g -O2 -fstack-protector --param=ssp-buffer-size=4 -Wformat -Werror=format-security -Wall -D_FORTIFY_SOURCE=2 conftest.c >&5
configure:7800: $? = 0
configure:7800: result: yes
configure:7800: checking for sys/stat.h
configure:7800: gcc -c -g -O2 -fstack-protector --param=ssp-buffer-size=4 -Wformat -Werror=format-security -Wall -D_FORTIFY_SOURCE=2 conftest.c >&5
configure:7800: $? = 0
configure:7800: result: yes
configure:7800: checking for stdlib.h
configure:7800: gcc -c -g -O2 -fstack-protector --param=ssp-buffer-size=4 -Wformat -Werror=format-security -Wall -D_FORTIFY_SOURCE=2 conftest.c >&5
configure:7800: $? = 0
configure:7800: result: yes
configure:7800: checking for string.h
configure:7800: gcc -c -g -O2 -fstack-protector --param=ssp-buffer-size=4 -Wformat -Werror=format-security -Wall -D_FORTIFY_SOURCE=2 conftest.c >&5
configure:7800: $? = 0
configure:7800: result: yes
configure:7800: checking for memory.h
configure:7800: gcc -c -g -O2 -fstack-protector --param=ssp-buffer-size=4 -Wformat -Werror=format-security -Wall -D_FORTIFY_SOURCE=2 conftest.c >&5
configure:7800: $? = 0
configure:7800: result: yes
configure:7800: checking for strings.h
configure:7800: gcc -c -g -O2 -fstack-protector --param=ssp-buffer-size=4 -Wformat -Werror=format-security -Wall -D_FORTIFY_SOURCE=2 conftest.c >&5
configure:7800: $? = 0
configure:7800: result: yes
configure:7800: checking for inttypes.h
configure:7800: gcc -c -g -O2 -fstack-protector --param=ssp-buffer-size=4 -Wformat -Werror=format-security -Wall -D_FORTIFY_SOURCE=2 conftest.c >&5
configure:7800: $? = 0
configure:7800: result: yes
configure:7800: checking for stdint.h
configure:7800: gcc -c -g -O2 -fstack-protector --param=ssp-buffer-size=4 -Wformat -Werror=format-security -Wall -D_FORTIFY_SOURCE=2 conftest.c >&5
configure:7800: $? = 0
configure:7800: result: yes
configure:7800: checking for unistd.h
configure:7800: gcc -c -g -O2 -fstack-protector --param=ssp-buffer-size=4 -Wformat -Werror=format-security -Wall -D_FORTIFY_SOURCE=2 conftest.c >&5
configure:7800: $? = 0
configure:7800: result: yes
configure:7814: checking for dlfcn.h
configure:7814: gcc -c -g -O2 -fstack-protector --param=ssp-buffer-size=4 -Wformat -Werror=format-security -Wall -D_FORTIFY_SOURCE=2 conftest.c >&5
configure:7814: $? = 0
configure:7814: result: yes
configure:8020: checking for objdir
configure:8035: result: .libs
configure:8306: checking if gcc supports -fno-rtti -fno-exceptions
configure:8324: gcc -c -g -O2 -fstack-protector --param=ssp-buffer-size=4 -Wformat -Werror=format-security -Wall -D_FORTIFY_SOURCE=2 -fno-rtti -fno-exceptions conftest.c >&5
cc1: warning: command line option '-fno-rtti' is valid for C++/ObjC++ but not for C [enabled by default]
configure:8328: $? = 0
configure:8341: result: no
configure:8668: checking for gcc option to produce PIC
configure:8675: result: -fPIC -DPIC
configure:8683: checking if gcc PIC flag -fPIC -DPIC works
configure:8701: gcc -c -g -O2 -fstack-protector --param=ssp-buffer-size=4 -Wformat -Werror=format-security -Wall -D_FORTIFY_SOURCE=2 -fPIC -DPIC -DPIC conftest.c >&5
configure:8705: $? = 0
configure:8718: result: yes
configure:8747: checking if gcc static flag -static works
configure:8775: result: yes
configure:8790: checking if gcc supports -c -o file.o
configure:8811: gcc -c -g -O2 -fstack-protector --param=ssp-buffer-size=4 -Wformat -Werror=format-security -Wall -D_FORTIFY_SOURCE=2 -o out/conftest2.o conftest.c >&5
configure:8815: $? = 0
configure:8837: result: yes
configure:8845: checking if gcc supports -c -o file.o
configure:8892: result: yes
configure:8925: checking whether the gcc linker (/usr/bin/ld) supports shared libraries
configure:10082: result: yes
configure:10119: checking whether -lc should be explicitly linked in
configure:10127: gcc -c -g -O2 -fstack-protector --param=ssp-buffer-size=4 -Wformat -Werror=format-security -Wall -D_FORTIFY_SOURCE=2 conftest.c >&5
configure:10130: $? = 0
configure:10145: gcc -shared  -fPIC -DPIC conftest.o  -v -Wl,-soname -Wl,conftest -o conftest 2\>\&1 \| /bin/grep  -lc  \>/dev/null 2\>\&1
configure:10148: $? = 0
configure:10162: result: no
configure:10322: checking dynamic linker characteristics
configure:10822: gcc -o conftest -g -O2 -fstack-protector --param=ssp-buffer-size=4 -Wformat -Werror=format-security -Wall -D_FORTIFY_SOURCE=2 -Wl,-Bsymbolic-functions -Wl,-z,relro -Wl,-z,defs -Wl,-O1 -Wl,--as-needed -Wl,-rpath -Wl,/foo conftest.c  >&5
configure:10822: $? = 0
configure:11056: result: GNU/Linux ld.so
configure:11163: checking how to hardcode library paths into programs
configure:11188: result: immediate
configure:11728: checking whether stripping libraries is possible
configure:11733: result: yes
configure:11768: checking if libtool supports shared libraries
configure:11770: result: yes
configure:11773: checking whether to build shared libraries
configure:11794: result: yes
configure:11797: checking whether to build static libraries
configure:11801: result: yes
configure:11850: checking whether NLS is requested
configure:11859: result: yes
configure:11877: checking for intltool >= 0.40.1
configure:11879: result: 0.50.2 found
configure:11887: checking for intltool-update
configure:11905: found /usr/bin/intltool-update
configure:11917: result: /usr/bin/intltool-update
configure:11927: checking for intltool-merge
configure:11945: found /usr/bin/intltool-merge
configure:11957: result: /usr/bin/intltool-merge
configure:11967: checking for intltool-extract
configure:11985: found /usr/bin/intltool-extract
configure:11997: result: /usr/bin/intltool-extract
configure:12151: checking for xgettext
configure:12169: found /usr/bin/xgettext
configure:12181: result: /usr/bin/xgettext
configure:12191: checking for msgmerge
configure:12209: found /usr/bin/msgmerge
configure:12221: result: /usr/bin/msgmerge
configure:12231: checking for msgfmt
configure:12249: found /usr/bin/msgfmt
configure:12261: result: /usr/bin/msgfmt
configure:12271: checking for gmsgfmt
configure:12302: result: /usr/bin/msgfmt
configure:12322: checking for perl
configure:12340: found /usr/bin/perl
configure:12352: result: /usr/bin/perl
configure:12363: checking for perl >= 5.8.1
configure:12370: result: 5.14.2
configure:12374: checking for XML::Parser
configure:12377: result: ok
configure:12402: gcc -o conftest -g -O2 -fstack-protector --param=ssp-buffer-size=4 -Wformat -Werror=format-security -Wall -D_FORTIFY_SOURCE=2 -Wl,-Bsymbolic-functions -Wl,-z,relro -Wl,-z,defs -Wl,-O1 -Wl,--as-needed conftest.c  >&5
configure:12402: $? = 0
configure:12486: checking whether gcc understands -Wno-sign-compare
configure:12499: gcc -c -Wall -Wmissing-prototypes -Wnested-externs -Wpointer-arith -g -O2 -fstack-protector --param=ssp-buffer-size=4 -Wformat -Werror=format-security -Wall -Wno-sign-compare -D_FORTIFY_SOURCE=2 conftest.c >&5
configure:12499: $? = 0
configure:12506: result: yes
configure:12524: checking what warning flags to pass to the C compiler
configure:12526: result: -Wall -Wmissing-prototypes -Wnested-externs -Wpointer-arith -Wno-sign-compare
configure:12537: checking what language compliance flags to pass to the C compiler
configure:12552: result: 
configure:12559: checking for X
configure:12667: gcc -E -D_FORTIFY_SOURCE=2 conftest.c
configure:12667: $? = 0
configure:12698: gcc -o conftest -g -O2 -fstack-protector --param=ssp-buffer-size=4 -Wformat -Werror=format-security -Wall -D_FORTIFY_SOURCE=2 -Wl,-Bsymbolic-functions -Wl,-z,relro -Wl,-z,defs -Wl,-O1 -Wl,--as-needed conftest.c -lX11  >&5
configure:12698: $? = 0
configure:12748: result: libraries , headers 
configure:12847: gcc -o conftest -g -O2 -fstack-protector --param=ssp-buffer-size=4 -Wformat -Werror=format-security -Wall -D_FORTIFY_SOURCE=2 -Wl,-Bsymbolic-functions -Wl,-z,relro -Wl,-z,defs -Wl,-O1 -Wl,--as-needed conftest.c   -lX11 >&5
configure:12847: $? = 0
configure:12945: checking for gethostbyname
configure:12945: gcc -o conftest -g -O2 -fstack-protector --param=ssp-buffer-size=4 -Wformat -Werror=format-security -Wall -D_FORTIFY_SOURCE=2 -Wl,-Bsymbolic-functions -Wl,-z,relro -Wl,-z,defs -Wl,-O1 -Wl,--as-needed conftest.c  >&5
configure:12945: $? = 0
configure:12945: result: yes
configure:13042: checking for connect
configure:13042: gcc -o conftest -g -O2 -fstack-protector --param=ssp-buffer-size=4 -Wformat -Werror=format-security -Wall -D_FORTIFY_SOURCE=2 -Wl,-Bsymbolic-functions -Wl,-z,relro -Wl,-z,defs -Wl,-O1 -Wl,--as-needed conftest.c  >&5
configure:13042: $? = 0
configure:13042: result: yes
configure:13091: checking for remove
configure:13091: gcc -o conftest -g -O2 -fstack-protector --param=ssp-buffer-size=4 -Wformat -Werror=format-security -Wall -D_FORTIFY_SOURCE=2 -Wl,-Bsymbolic-functions -Wl,-z,relro -Wl,-z,defs -Wl,-O1 -Wl,--as-needed conftest.c  >&5
configure:13091: $? = 0
configure:13091: result: yes
configure:13140: checking for shmat
configure:13140: gcc -o conftest -g -O2 -fstack-protector --param=ssp-buffer-size=4 -Wformat -Werror=format-security -Wall -D_FORTIFY_SOURCE=2 -Wl,-Bsymbolic-functions -Wl,-z,relro -Wl,-z,defs -Wl,-O1 -Wl,--as-needed conftest.c  >&5
configure:13140: $? = 0
configure:13140: result: yes
configure:13198: checking for IceConnectionNumber in -lICE
configure:13223: gcc -o conftest -g -O2 -fstack-protector --param=ssp-buffer-size=4 -Wformat -Werror=format-security -Wall -D_FORTIFY_SOURCE=2 -Wl,-Bsymbolic-functions -Wl,-z,relro -Wl,-z,defs -Wl,-O1 -Wl,--as-needed conftest.c -lICE   >&5
configure:13223: $? = 0
configure:13232: result: yes
configure:13246: checking for glib-mkenums
configure:13264: found /usr/bin/glib-mkenums
configure:13276: result: /usr/bin/glib-mkenums
configure:13295: checking for xsltproc
configure:13313: found /usr/bin/xsltproc
configure:13325: result: /usr/bin/xsltproc
configure:13350: checking X11/Xlib.h usability
configure:13350: gcc -c -g -O2 -fstack-protector --param=ssp-buffer-size=4 -Wformat -Werror=format-security -Wall -D_FORTIFY_SOURCE=2  conftest.c >&5
configure:13350: $? = 0
configure:13350: result: yes
configure:13350: checking X11/Xlib.h presence
configure:13350: gcc -E -D_FORTIFY_SOURCE=2  conftest.c
configure:13350: $? = 0
configure:13350: result: yes
configure:13350: checking for X11/Xlib.h
configure:13350: result: yes
configure:13360: checking for XF86MiscQueryExtension in -lXxf86misc
configure:13385: gcc -o conftest -g -O2 -fstack-protector --param=ssp-buffer-size=4 -Wformat -Werror=format-security -Wall -D_FORTIFY_SOURCE=2  -Wl,-Bsymbolic-functions -Wl,-z,relro -Wl,-z,defs -Wl,-O1 -Wl,--as-needed conftest.c -lXxf86misc   >&5
/usr/bin/ld.bfd.real: cannot find -lXxf86misc
collect2: error: ld returned 1 exit status
configure:13385: $? = 1
configure: failed program was:
| /* confdefs.h */
| #define PACKAGE_NAME "sagarmatha-control-center"
| #define PACKAGE_TARNAME "sagarmatha-control-center"
| #define PACKAGE_VERSION "2.2.9"
| #define PACKAGE_STRING "sagarmatha-control-center 2.2.9"
| #define PACKAGE_BUGREPORT "http://bugzilla.gnome.org/enter_bug.cgi?product=sagarmatha-control-center"
| #define PACKAGE_URL ""
| #define PACKAGE "sagarmatha-control-center"
| #define VERSION "2.2.9"
| #define STDC_HEADERS 1
| #define HAVE_SYS_TYPES_H 1
| #define HAVE_SYS_STAT_H 1
| #define HAVE_STDLIB_H 1
| #define HAVE_STRING_H 1
| #define HAVE_MEMORY_H 1
| #define HAVE_STRINGS_H 1
| #define HAVE_INTTYPES_H 1
| #define HAVE_STDINT_H 1
| #define HAVE_UNISTD_H 1
| #define HAVE_DLFCN_H 1
| #define LT_OBJDIR ".libs/"
| #define GETTEXT_PACKAGE "sagarmatha-control-center"
| #define HAVE_X11_XLIB_H 1
| /* end confdefs.h.  */
| 
| /* Override any GCC internal prototype to avoid an error.
|    Use char because int might match the return type of a GCC
|    builtin and then its argument prototype would still apply.  */
| #ifdef __cplusplus
| extern "C"
| #endif
| char XF86MiscQueryExtension ();
| int
| main ()
| {
| return XF86MiscQueryExtension ();
|   ;
|   return 0;
| }
configure:13394: result: no
configure:13419: checking X11/extensions/XKB.h usability
configure:13419: gcc -c -g -O2 -fstack-protector --param=ssp-buffer-size=4 -Wformat -Werror=format-security -Wall -D_FORTIFY_SOURCE=2  conftest.c >&5
configure:13419: $? = 0
configure:13419: result: yes
configure:13419: checking X11/extensions/XKB.h presence
configure:13419: gcc -E -D_FORTIFY_SOURCE=2  conftest.c
configure:13419: $? = 0
configure:13419: result: yes
configure:13419: checking for X11/extensions/XKB.h
configure:13419: result: yes
configure:13431: checking for floor in -lm
configure:13456: gcc -o conftest -g -O2 -fstack-protector --param=ssp-buffer-size=4 -Wformat -Werror=format-security -Wall -D_FORTIFY_SOURCE=2 -Wl,-Bsymbolic-functions -Wl,-z,relro -Wl,-z,defs -Wl,-O1 -Wl,--as-needed conftest.c -lm   >&5
conftest.c:33:6: warning: conflicting types for built-in function 'floor' [enabled by default]
configure:13456: $? = 0
configure:13465: result: yes
configure:13570: checking for pkg-config
configure:13588: found /usr/bin/pkg-config
configure:13600: result: /usr/bin/pkg-config
configure:13625: checking pkg-config is at least version 0.9.0
configure:13628: result: yes
configure:13638: checking for LIBSAGARMATHA_CONTROL_CENTER
configure:13645: $PKG_CONFIG --exists --print-errors "$COMMON_MODULES"
configure:13648: $? = 0
configure:13662: $PKG_CONFIG --exists --print-errors "$COMMON_MODULES"
configure:13665: $? = 0
configure:13723: result: yes
configure:13729: checking for LIBLANGUAGE
configure:13736: $PKG_CONFIG --exists --print-errors "$COMMON_MODULES sagarmatha-desktop fontconfig"
configure:13739: $? = 0
configure:13753: $PKG_CONFIG --exists --print-errors "$COMMON_MODULES sagarmatha-desktop fontconfig"
configure:13756: $? = 0
configure:13814: result: yes
configure:13820: checking for LIBSHORTCUTS
configure:13827: $PKG_CONFIG --exists --print-errors "$COMMON_MODULES x11"
configure:13830: $? = 0
configure:13844: $PKG_CONFIG --exists --print-errors "$COMMON_MODULES x11"
configure:13847: $? = 0
configure:13905: result: yes
configure:13911: checking for SHELL
configure:13918: $PKG_CONFIG --exists --print-errors "$COMMON_MODULES libgnome-menu-3.0 gio-unix-2.0 x11"
Package libgnome-menu-3.0 was not found in the pkg-config search path.
Perhaps you should add the directory containing `libgnome-menu-3.0.pc'
to the PKG_CONFIG_PATH environment variable
No package 'libgnome-menu-3.0' found
configure:13921: $? = 1
configure:13935: $PKG_CONFIG --exists --print-errors "$COMMON_MODULES libgnome-menu-3.0 gio-unix-2.0 x11"
Package libgnome-menu-3.0 was not found in the pkg-config search path.
Perhaps you should add the directory containing `libgnome-menu-3.0.pc'
to the PKG_CONFIG_PATH environment variable
No package 'libgnome-menu-3.0' found
configure:13938: $? = 1
configure:13952: result: no
No package 'libgnome-menu-3.0' found
configure:13968: error: Package requirements (gtk+-3.0 >= 3.4.1
 glib-2.0 >= 2.31.0
 gthread-2.0
 gio-2.0
 gio-unix-2.0
 sagarmatha-desktop >= 1.0.0
 libnotify >= 0.7.3 libgnome-menu-3.0 gio-unix-2.0 x11) were not met:

No package 'libgnome-menu-3.0' found

Consider adjusting the PKG_CONFIG_PATH environment variable if you
installed software in a non-standard prefix.

Alternatively, you may set the environment variables SHELL_CFLAGS
and SHELL_LIBS to avoid the need to call pkg-config.
See the pkg-config man page for more details.

## ---------------- ##
## Cache variables. ##
## ---------------- ##

ac_cv_build=i686-pc-linux-gnu
ac_cv_c_compiler_gnu=yes
ac_cv_env_BACKGROUND_PANEL_CFLAGS_set=
ac_cv_env_BACKGROUND_PANEL_CFLAGS_value=
ac_cv_env_BACKGROUND_PANEL_LIBS_set=
ac_cv_env_BACKGROUND_PANEL_LIBS_value=
ac_cv_env_CC_set=
ac_cv_env_CC_value=
ac_cv_env_CFLAGS_set=set
ac_cv_env_CFLAGS_value='-g -O2 -fstack-protector --param=ssp-buffer-size=4 -Wformat -Werror=format-security -Wall'
ac_cv_env_COLOR_PANEL_CFLAGS_set=
ac_cv_env_COLOR_PANEL_CFLAGS_value=
ac_cv_env_COLOR_PANEL_LIBS_set=
ac_cv_env_COLOR_PANEL_LIBS_value=
ac_cv_env_CPPFLAGS_set=set
ac_cv_env_CPPFLAGS_value=-D_FORTIFY_SOURCE=2
ac_cv_env_CPP_set=
ac_cv_env_CPP_value=
ac_cv_env_DATETIME_PANEL_CFLAGS_set=
ac_cv_env_DATETIME_PANEL_CFLAGS_value=
ac_cv_env_DATETIME_PANEL_LIBS_set=
ac_cv_env_DATETIME_PANEL_LIBS_value=
ac_cv_env_DISPLAY_PANEL_CFLAGS_set=
ac_cv_env_DISPLAY_PANEL_CFLAGS_value=
ac_cv_env_DISPLAY_PANEL_LIBS_set=
ac_cv_env_DISPLAY_PANEL_LIBS_value=
ac_cv_env_ISOCODES_CFLAGS_set=
ac_cv_env_ISOCODES_CFLAGS_value=
ac_cv_env_ISOCODES_LIBS_set=
ac_cv_env_ISOCODES_LIBS_value=
ac_cv_env_LDFLAGS_set=set
ac_cv_env_LDFLAGS_value='-Wl,-Bsymbolic-functions -Wl,-z,relro -Wl,-z,defs -Wl,-O1 -Wl,--as-needed'
ac_cv_env_LIBLANGUAGE_CFLAGS_set=
ac_cv_env_LIBLANGUAGE_CFLAGS_value=
ac_cv_env_LIBLANGUAGE_LIBS_set=
ac_cv_env_LIBLANGUAGE_LIBS_value=
ac_cv_env_LIBNM_GTK_COMPAT_CFLAGS_set=
ac_cv_env_LIBNM_GTK_COMPAT_CFLAGS_value=
ac_cv_env_LIBNM_GTK_COMPAT_LIBS_set=
ac_cv_env_LIBNM_GTK_COMPAT_LIBS_value=
ac_cv_env_LIBSAGARMATHA_CONTROL_CENTER_CFLAGS_set=
ac_cv_env_LIBSAGARMATHA_CONTROL_CENTER_CFLAGS_value=
ac_cv_env_LIBSAGARMATHA_CONTROL_CENTER_LIBS_set=
ac_cv_env_LIBSAGARMATHA_CONTROL_CENTER_LIBS_value=
ac_cv_env_LIBSHORTCUTS_CFLAGS_set=
ac_cv_env_LIBSHORTCUTS_CFLAGS_value=
ac_cv_env_LIBSHORTCUTS_LIBS_set=
ac_cv_env_LIBSHORTCUTS_LIBS_value=
ac_cv_env_LIBS_set=
ac_cv_env_LIBS_value=
ac_cv_env_MEDIA_PANEL_CFLAGS_set=
ac_cv_env_MEDIA_PANEL_CFLAGS_value=
ac_cv_env_MEDIA_PANEL_LIBS_set=
ac_cv_env_MEDIA_PANEL_LIBS_value=
ac_cv_env_NETWORK_MANAGER_CFLAGS_set=
ac_cv_env_NETWORK_MANAGER_CFLAGS_value=
ac_cv_env_NETWORK_MANAGER_LIBS_set=
ac_cv_env_NETWORK_MANAGER_LIBS_value=
ac_cv_env_NETWORK_PANEL_CFLAGS_set=
ac_cv_env_NETWORK_PANEL_CFLAGS_value=
ac_cv_env_NETWORK_PANEL_LIBS_set=
ac_cv_env_NETWORK_PANEL_LIBS_value=
ac_cv_env_PKG_CONFIG_LIBDIR_set=
ac_cv_env_PKG_CONFIG_LIBDIR_value=
ac_cv_env_PKG_CONFIG_PATH_set=
ac_cv_env_PKG_CONFIG_PATH_value=
ac_cv_env_PKG_CONFIG_set=
ac_cv_env_PKG_CONFIG_value=
ac_cv_env_POWER_PANEL_CFLAGS_set=
ac_cv_env_POWER_PANEL_CFLAGS_value=
ac_cv_env_POWER_PANEL_LIBS_set=
ac_cv_env_POWER_PANEL_LIBS_value=
ac_cv_env_REGION_PANEL_CFLAGS_set=
ac_cv_env_REGION_PANEL_CFLAGS_value=
ac_cv_env_REGION_PANEL_LIBS_set=
ac_cv_env_REGION_PANEL_LIBS_value=
ac_cv_env_SCREEN_PANEL_CFLAGS_set=
ac_cv_env_SCREEN_PANEL_CFLAGS_value=
ac_cv_env_SCREEN_PANEL_LIBS_set=
ac_cv_env_SCREEN_PANEL_LIBS_value=
ac_cv_env_SHELL_CFLAGS_set=
ac_cv_env_SHELL_CFLAGS_value=
ac_cv_env_SHELL_LIBS_set=
ac_cv_env_SHELL_LIBS_value=
ac_cv_env_SOCIALWEB_CFLAGS_set=
ac_cv_env_SOCIALWEB_CFLAGS_value=
ac_cv_env_SOCIALWEB_LIBS_set=
ac_cv_env_SOCIALWEB_LIBS_value=
ac_cv_env_SOUND_PANEL_CFLAGS_set=
ac_cv_env_SOUND_PANEL_CFLAGS_value=
ac_cv_env_SOUND_PANEL_LIBS_set=
ac_cv_env_SOUND_PANEL_LIBS_value=
ac_cv_env_UNIVERSAL_ACCESS_PANEL_CFLAGS_set=
ac_cv_env_UNIVERSAL_ACCESS_PANEL_CFLAGS_value=
ac_cv_env_UNIVERSAL_ACCESS_PANEL_LIBS_set=
ac_cv_env_UNIVERSAL_ACCESS_PANEL_LIBS_value=
ac_cv_env_WACOM_PANEL_CFLAGS_set=
ac_cv_env_WACOM_PANEL_CFLAGS_value=
ac_cv_env_WACOM_PANEL_LIBS_set=
ac_cv_env_WACOM_PANEL_LIBS_value=
ac_cv_env_XMKMF_set=
ac_cv_env_XMKMF_value=
ac_cv_env_build_alias_set=set
ac_cv_env_build_alias_value=i686-linux-gnu
ac_cv_env_host_alias_set=
ac_cv_env_host_alias_value=
ac_cv_env_target_alias_set=
ac_cv_env_target_alias_value=
ac_cv_func_connect=yes
ac_cv_func_gethostbyname=yes
ac_cv_func_remove=yes
ac_cv_func_shmat=yes
ac_cv_have_x='have_x=yes	ac_x_includes='\'''\''	ac_x_libraries='\'''\'''
ac_cv_header_X11_Xlib_h=yes
ac_cv_header_X11_extensions_XKB_h=yes
ac_cv_header_dlfcn_h=yes
ac_cv_header_inttypes_h=yes
ac_cv_header_memory_h=yes
ac_cv_header_stdc=yes
ac_cv_header_stdint_h=yes
ac_cv_header_stdlib_h=yes
ac_cv_header_string_h=yes
ac_cv_header_strings_h=yes
ac_cv_header_sys_stat_h=yes
ac_cv_header_sys_types_h=yes
ac_cv_header_unistd_h=yes
ac_cv_host=i686-pc-linux-gnu
ac_cv_lib_ICE_IceConnectionNumber=yes
ac_cv_lib_Xxf86misc_XF86MiscQueryExtension=no
ac_cv_lib_m_floor=yes
ac_cv_objext=o
ac_cv_path_EGREP='/bin/grep -E'
ac_cv_path_FGREP='/bin/grep -F'
ac_cv_path_GLIB_MKENUMS=/usr/bin/glib-mkenums
ac_cv_path_GMSGFMT=/usr/bin/msgfmt
ac_cv_path_GREP=/bin/grep
ac_cv_path_INTLTOOL_EXTRACT=/usr/bin/intltool-extract
ac_cv_path_INTLTOOL_MERGE=/usr/bin/intltool-merge
ac_cv_path_INTLTOOL_PERL=/usr/bin/perl
ac_cv_path_INTLTOOL_UPDATE=/usr/bin/intltool-update
ac_cv_path_MSGFMT=/usr/bin/msgfmt
ac_cv_path_MSGMERGE=/usr/bin/msgmerge
ac_cv_path_SED=/bin/sed
ac_cv_path_XGETTEXT=/usr/bin/xgettext
ac_cv_path_XSLTPROC=/usr/bin/xsltproc
ac_cv_path_ac_pt_PKG_CONFIG=/usr/bin/pkg-config
ac_cv_path_install='/usr/bin/install -c'
ac_cv_path_mkdir=/bin/mkdir
ac_cv_prog_AWK=gawk
ac_cv_prog_CPP='gcc -E'
ac_cv_prog_ac_ct_AR=ar
ac_cv_prog_ac_ct_CC=gcc
ac_cv_prog_ac_ct_MANIFEST_TOOL=mt
ac_cv_prog_ac_ct_OBJDUMP=objdump
ac_cv_prog_ac_ct_RANLIB=ranlib
ac_cv_prog_ac_ct_STRIP=strip
ac_cv_prog_cc_c89=
ac_cv_prog_cc_g=yes
ac_cv_prog_cc_gcc_c_o=yes
ac_cv_prog_make_make_set=yes
am_cv_CC_dependencies_compiler_type=none
am_cv_make_support_nested_variables=yes
am_cv_prog_tar_ustar=gnutar
lt_cv_ar_at_file=@
lt_cv_archive_cmds_need_lc=no
lt_cv_deplibs_check_method=pass_all
lt_cv_file_magic_cmd='$MAGIC_CMD'
lt_cv_file_magic_test_file=
lt_cv_ld_reload_flag=-r
lt_cv_nm_interface='BSD nm'
lt_cv_objdir=.libs
lt_cv_path_LD=/usr/bin/ld
lt_cv_path_NM='/usr/bin/nm -B'
lt_cv_path_mainfest_tool=no
lt_cv_prog_compiler_c_o=yes
lt_cv_prog_compiler_pic='-fPIC -DPIC'
lt_cv_prog_compiler_pic_works=yes
lt_cv_prog_compiler_rtti_exceptions=no
lt_cv_prog_compiler_static_works=yes
lt_cv_prog_gnu_ld=yes
lt_cv_sharedlib_from_linklib_cmd='printf %s\n'
lt_cv_shlibpath_overrides_runpath=no
lt_cv_sys_global_symbol_pipe='sed -n -e '\''s/^.*[	 ]\([ABCDGIRSTW][ABCDGIRSTW]*\)[	 ][	 ]*\([_A-Za-z][_A-Za-z0-9]*\)$/\1 \2 \2/p'\'' | sed '\''/ __gnu_lto/d'\'''
lt_cv_sys_global_symbol_to_c_name_address='sed -n -e '\''s/^: \([^ ]*\)[ ]*$/  {\"\1\", (void *) 0},/p'\'' -e '\''s/^[ABCDGIRSTW]* \([^ ]*\) \([^ ]*\)$/  {"\2", (void *) \&\2},/p'\'''
lt_cv_sys_global_symbol_to_c_name_address_lib_prefix='sed -n -e '\''s/^: \([^ ]*\)[ ]*$/  {\"\1\", (void *) 0},/p'\'' -e '\''s/^[ABCDGIRSTW]* \([^ ]*\) \(lib[^ ]*\)$/  {"\2", (void *) \&\2},/p'\'' -e '\''s/^[ABCDGIRSTW]* \([^ ]*\) \([^ ]*\)$/  {"lib\2", (void *) \&\2},/p'\'''
lt_cv_sys_global_symbol_to_cdecl='sed -n -e '\''s/^T .* \(.*\)$/extern int \1();/p'\'' -e '\''s/^[ABCDGIRSTW]* .* \(.*\)$/extern char \1;/p'\'''
lt_cv_sys_max_cmd_len=805306365
lt_cv_to_host_file_cmd=func_convert_file_noop
lt_cv_to_tool_file_cmd=func_convert_file_noop
pkg_cv_LIBLANGUAGE_CFLAGS='-pthread -I/usr/include/gtk-3.0 -I/usr/include/atk-1.0 -I/usr/include/at-spi2-atk/2.0 -I/usr/include/pango-1.0 -I/usr/include/gio-unix-2.0/ -I/usr/include/cairo -I/usr/include/gdk-pixbuf-2.0 -I/usr/include/glib-2.0 -I/usr/lib/i386-linux-gnu/glib-2.0/include -I/usr/include/harfbuzz -I/usr/include/freetype2 -I/usr/include/pixman-1 -I/usr/include/libpng12 -I/usr/include/sagarmatha-desktop  '
pkg_cv_LIBLANGUAGE_LIBS='-pthread -lgthread-2.0 -lnotify -lsagarmatha-desktop -lgtk-3 -lgdk-3 -latk-1.0 -lgio-2.0 -lpangocairo-1.0 -lgdk_pixbuf-2.0 -lcairo-gobject -lpango-1.0 -lcairo -lgobject-2.0 -lglib-2.0 -lfontconfig  '
pkg_cv_LIBSAGARMATHA_CONTROL_CENTER_CFLAGS='-pthread -I/usr/include/gtk-3.0 -I/usr/include/atk-1.0 -I/usr/include/at-spi2-atk/2.0 -I/usr/include/pango-1.0 -I/usr/include/gio-unix-2.0/ -I/usr/include/cairo -I/usr/include/gdk-pixbuf-2.0 -I/usr/include/glib-2.0 -I/usr/lib/i386-linux-gnu/glib-2.0/include -I/usr/include/harfbuzz -I/usr/include/freetype2 -I/usr/include/pixman-1 -I/usr/include/libpng12 -I/usr/include/sagarmatha-desktop  '
pkg_cv_LIBSAGARMATHA_CONTROL_CENTER_LIBS='-pthread -lgthread-2.0 -lsagarmatha-desktop -lgtk-3 -lgdk-3 -latk-1.0 -lpangocairo-1.0 -lcairo-gobject -lpango-1.0 -lcairo -lnotify -lgdk_pixbuf-2.0 -lgio-2.0 -lgobject-2.0 -lglib-2.0  '
pkg_cv_LIBSHORTCUTS_CFLAGS='-pthread -I/usr/include/gtk-3.0 -I/usr/include/atk-1.0 -I/usr/include/at-spi2-atk/2.0 -I/usr/include/pango-1.0 -I/usr/include/gio-unix-2.0/ -I/usr/include/cairo -I/usr/include/gdk-pixbuf-2.0 -I/usr/include/glib-2.0 -I/usr/lib/i386-linux-gnu/glib-2.0/include -I/usr/include/harfbuzz -I/usr/include/freetype2 -I/usr/include/pixman-1 -I/usr/include/libpng12 -I/usr/include/sagarmatha-desktop  '
pkg_cv_LIBSHORTCUTS_LIBS='-pthread -lgthread-2.0 -lsagarmatha-desktop -lgtk-3 -lgdk-3 -latk-1.0 -lpangocairo-1.0 -lcairo-gobject -lpango-1.0 -lcairo -lnotify -lgdk_pixbuf-2.0 -lgio-2.0 -lgobject-2.0 -lglib-2.0 -lX11  '

## ----------------- ##
## Output variables. ##
## ----------------- ##

ACLOCAL='${SHELL} /home/arun/Downloads/sagarmatha-control-center/missing --run aclocal-1.11'
ALL_LINGUAS=''
AMDEPBACKSLASH=''
AMDEP_FALSE=''
AMDEP_TRUE='#'
AMTAR='$${TAR-tar}'
AM_BACKSLASH='\'
AM_DEFAULT_V='$(AM_DEFAULT_VERBOSITY)'
AM_DEFAULT_VERBOSITY='1'
AM_V='$(V)'
AR='ar'
AUTOCONF='${SHELL} /home/arun/Downloads/sagarmatha-control-center/missing --run autoconf'
AUTOHEADER='${SHELL} /home/arun/Downloads/sagarmatha-control-center/missing --run autoheader'
AUTOMAKE='${SHELL} /home/arun/Downloads/sagarmatha-control-center/missing --run automake-1.11'
AWK='gawk'
BACKGROUND_PANEL_CFLAGS=''
BACKGROUND_PANEL_LIBS=''
BUILD_DOCUMENTATION_FALSE='#'
BUILD_DOCUMENTATION_TRUE=''
BUILD_WACOM_FALSE=''
BUILD_WACOM_TRUE=''
CC='gcc'
CCDEPMODE='depmode=none'
CFLAGS='-g -O2 -fstack-protector --param=ssp-buffer-size=4 -Wformat -Werror=format-security -Wall'
COLOR_PANEL_CFLAGS=''
COLOR_PANEL_LIBS=''
CONTROL_CENTER_VERSION=''
CPP='gcc -E'
CPPFLAGS='-D_FORTIFY_SOURCE=2'
CUPS_CFLAGS=''
CUPS_CONFIG=''
CUPS_LIBS=''
CYGPATH_W='echo'
DATADIRNAME='share'
DATETIME_PANEL_CFLAGS=''
DATETIME_PANEL_LIBS=''
DEFS=''
DEPDIR='.deps'
DISPLAY_PANEL_CFLAGS=''
DISPLAY_PANEL_LIBS=''
DLLTOOL='false'
DSYMUTIL=''
DUMPBIN=''
ECHO_C=''
ECHO_N='-n'
ECHO_T=''
EGREP='/bin/grep -E'
ENABLE_UPDATE_MIMEDB_FALSE=''
ENABLE_UPDATE_MIMEDB_TRUE=''
EXEEXT=''
FGREP='/bin/grep -F'
GETTEXT_PACKAGE='sagarmatha-control-center'
GLIB_GENMARSHAL=''
GLIB_MKENUMS='/usr/bin/glib-mkenums'
GMSGFMT='/usr/bin/msgfmt'
GREP='/bin/grep'
INSTALL_DATA='${INSTALL} -m 644'
INSTALL_PROGRAM='${INSTALL}'
INSTALL_SCRIPT='${INSTALL}'
INSTALL_STRIP_PROGRAM='$(install_sh) -c -s'
INTLTOOL_CAVES_RULE='%.caves:     %.caves.in     $(INTLTOOL_MERGE) $(wildcard $(top_srcdir)/po/*.po) ; $(INTLTOOL_V_MERGE)LC_ALL=C $(INTLTOOL_MERGE) $(INTLTOOL_V_MERGE_OPTIONS) -d -u -c $(top_builddir)/po/.intltool-merge-cache $(top_srcdir)/po $< $@'
INTLTOOL_DESKTOP_RULE='%.desktop:   %.desktop.in   $(INTLTOOL_MERGE) $(wildcard $(top_srcdir)/po/*.po) ; $(INTLTOOL_V_MERGE)LC_ALL=C $(INTLTOOL_MERGE) $(INTLTOOL_V_MERGE_OPTIONS) -d -u -c $(top_builddir)/po/.intltool-merge-cache $(top_srcdir)/po $< $@'
INTLTOOL_DIRECTORY_RULE='%.directory: %.directory.in $(INTLTOOL_MERGE) $(wildcard $(top_srcdir)/po/*.po) ; $(INTLTOOL_V_MERGE)LC_ALL=C $(INTLTOOL_MERGE) $(INTLTOOL_V_MERGE_OPTIONS) -d -u -c $(top_builddir)/po/.intltool-merge-cache $(top_srcdir)/po $< $@'
INTLTOOL_EXTRACT='/usr/bin/intltool-extract'
INTLTOOL_KBD_RULE='%.kbd:       %.kbd.in       $(INTLTOOL_MERGE) $(wildcard $(top_srcdir)/po/*.po) ; $(INTLTOOL_V_MERGE)LC_ALL=C $(INTLTOOL_MERGE) $(INTLTOOL_V_MERGE_OPTIONS) -x -u -m -c $(top_builddir)/po/.intltool-merge-cache $(top_srcdir)/po $< $@'
INTLTOOL_KEYS_RULE='%.keys:      %.keys.in      $(INTLTOOL_MERGE) $(wildcard $(top_srcdir)/po/*.po) ; $(INTLTOOL_V_MERGE)LC_ALL=C $(INTLTOOL_MERGE) $(INTLTOOL_V_MERGE_OPTIONS) -k -u -c $(top_builddir)/po/.intltool-merge-cache $(top_srcdir)/po $< $@'
INTLTOOL_MERGE='/usr/bin/intltool-merge'
INTLTOOL_OAF_RULE='%.oaf:       %.oaf.in       $(INTLTOOL_MERGE) $(wildcard $(top_srcdir)/po/*.po) ; $(INTLTOOL_V_MERGE)LC_ALL=C $(INTLTOOL_MERGE) $(INTLTOOL_V_MERGE_OPTIONS) -o -p $(top_srcdir)/po $< $@'
INTLTOOL_PERL='/usr/bin/perl'
INTLTOOL_POLICY_RULE='%.policy:    %.policy.in    $(INTLTOOL_MERGE) $(wildcard $(top_srcdir)/po/*.po) ; $(INTLTOOL_V_MERGE)LC_ALL=C $(INTLTOOL_MERGE) $(INTLTOOL_V_MERGE_OPTIONS) -x -u -c $(top_builddir)/po/.intltool-merge-cache $(top_srcdir)/po $< $@'
INTLTOOL_PONG_RULE='%.pong:      %.pong.in      $(INTLTOOL_MERGE) $(wildcard $(top_srcdir)/po/*.po) ; $(INTLTOOL_V_MERGE)LC_ALL=C $(INTLTOOL_MERGE) $(INTLTOOL_V_MERGE_OPTIONS) -x -u -c $(top_builddir)/po/.intltool-merge-cache $(top_srcdir)/po $< $@'
INTLTOOL_PROP_RULE='%.prop:      %.prop.in      $(INTLTOOL_MERGE) $(wildcard $(top_srcdir)/po/*.po) ; $(INTLTOOL_V_MERGE)LC_ALL=C $(INTLTOOL_MERGE) $(INTLTOOL_V_MERGE_OPTIONS) -d -u -c $(top_builddir)/po/.intltool-merge-cache $(top_srcdir)/po $< $@'
INTLTOOL_SCHEMAS_RULE='%.schemas:   %.schemas.in   $(INTLTOOL_MERGE) $(wildcard $(top_srcdir)/po/*.po) ; $(INTLTOOL_V_MERGE)LC_ALL=C $(INTLTOOL_MERGE) $(INTLTOOL_V_MERGE_OPTIONS) -s -u -c $(top_builddir)/po/.intltool-merge-cache $(top_srcdir)/po $< $@'
INTLTOOL_SERVER_RULE='%.server:    %.server.in    $(INTLTOOL_MERGE) $(wildcard $(top_srcdir)/po/*.po) ; $(INTLTOOL_V_MERGE)LC_ALL=C $(INTLTOOL_MERGE) $(INTLTOOL_V_MERGE_OPTIONS) -o -u -c $(top_builddir)/po/.intltool-merge-cache $(top_srcdir)/po $< $@'
INTLTOOL_SERVICE_RULE='%.service: %.service.in   $(INTLTOOL_MERGE) $(wildcard $(top_srcdir)/po/*.po) ; $(INTLTOOL_V_MERGE)LC_ALL=C $(INTLTOOL_MERGE) $(INTLTOOL_V_MERGE_OPTIONS) -d -u -c $(top_builddir)/po/.intltool-merge-cache $(top_srcdir)/po $< $@'
INTLTOOL_SHEET_RULE='%.sheet:     %.sheet.in     $(INTLTOOL_MERGE) $(wildcard $(top_srcdir)/po/*.po) ; $(INTLTOOL_V_MERGE)LC_ALL=C $(INTLTOOL_MERGE) $(INTLTOOL_V_MERGE_OPTIONS) -x -u -c $(top_builddir)/po/.intltool-merge-cache $(top_srcdir)/po $< $@'
INTLTOOL_SOUNDLIST_RULE='%.soundlist: %.soundlist.in $(INTLTOOL_MERGE) $(wildcard $(top_srcdir)/po/*.po) ; $(INTLTOOL_V_MERGE)LC_ALL=C $(INTLTOOL_MERGE) $(INTLTOOL_V_MERGE_OPTIONS) -d -u -c $(top_builddir)/po/.intltool-merge-cache $(top_srcdir)/po $< $@'
INTLTOOL_THEME_RULE='%.theme:     %.theme.in     $(INTLTOOL_MERGE) $(wildcard $(top_srcdir)/po/*.po) ; $(INTLTOOL_V_MERGE)LC_ALL=C $(INTLTOOL_MERGE) $(INTLTOOL_V_MERGE_OPTIONS) -d -u -c $(top_builddir)/po/.intltool-merge-cache $(top_srcdir)/po $< $@'
INTLTOOL_UI_RULE='%.ui:        %.ui.in        $(INTLTOOL_MERGE) $(wildcard $(top_srcdir)/po/*.po) ; $(INTLTOOL_V_MERGE)LC_ALL=C $(INTLTOOL_MERGE) $(INTLTOOL_V_MERGE_OPTIONS) -x -u -c $(top_builddir)/po/.intltool-merge-cache $(top_srcdir)/po $< $@'
INTLTOOL_UPDATE='/usr/bin/intltool-update'
INTLTOOL_V_MERGE='$(INTLTOOL__v_MERGE_$(V))'
INTLTOOL_V_MERGE_OPTIONS='$(intltool__v_merge_options_$(V))'
INTLTOOL_XAM_RULE='%.xam:       %.xml.in       $(INTLTOOL_MERGE) $(wildcard $(top_srcdir)/po/*.po) ; $(INTLTOOL_V_MERGE)LC_ALL=C $(INTLTOOL_MERGE) $(INTLTOOL_V_MERGE_OPTIONS) -x -u -c $(top_builddir)/po/.intltool-merge-cache $(top_srcdir)/po $< $@'
INTLTOOL_XML_NOMERGE_RULE='%.xml:       %.xml.in       $(INTLTOOL_MERGE) ; $(INTLTOOL_V_MERGE)LC_ALL=C $(INTLTOOL_MERGE) $(INTLTOOL_V_MERGE_OPTIONS) -x -u --no-translations $< $@'
INTLTOOL_XML_RULE='%.xml:       %.xml.in       $(INTLTOOL_MERGE) $(wildcard $(top_srcdir)/po/*.po) ; $(INTLTOOL_V_MERGE)LC_ALL=C $(INTLTOOL_MERGE) $(INTLTOOL_V_MERGE_OPTIONS) -x -u -c $(top_builddir)/po/.intltool-merge-cache $(top_srcdir)/po $< $@'
INTLTOOL__v_MERGE_0='@echo "  ITMRG " $@;'
INTLTOOL__v_MERGE_='$(INTLTOOL__v_MERGE_$(AM_DEFAULT_VERBOSITY))'
ISOCODES_CFLAGS=''
ISOCODES_LIBS=''
LD='/usr/bin/ld'
LDFLAGS='-Wl,-Bsymbolic-functions -Wl,-z,relro -Wl,-z,defs -Wl,-O1 -Wl,--as-needed'
LIBLANGUAGE_CFLAGS='-pthread -I/usr/include/gtk-3.0 -I/usr/include/atk-1.0 -I/usr/include/at-spi2-atk/2.0 -I/usr/include/pango-1.0 -I/usr/include/gio-unix-2.0/ -I/usr/include/cairo -I/usr/include/gdk-pixbuf-2.0 -I/usr/include/glib-2.0 -I/usr/lib/i386-linux-gnu/glib-2.0/include -I/usr/include/harfbuzz -I/usr/include/freetype2 -I/usr/include/pixman-1 -I/usr/include/libpng12 -I/usr/include/sagarmatha-desktop  '
LIBLANGUAGE_LIBS='-pthread -lgthread-2.0 -lnotify -lsagarmatha-desktop -lgtk-3 -lgdk-3 -latk-1.0 -lgio-2.0 -lpangocairo-1.0 -lgdk_pixbuf-2.0 -lcairo-gobject -lpango-1.0 -lcairo -lgobject-2.0 -lglib-2.0 -lfontconfig  '
LIBNM_GTK_COMPAT_CFLAGS=''
LIBNM_GTK_COMPAT_LIBS=''
LIBOBJS=''
LIBS='-lm '
LIBSAGARMATHACONTROLCENTER_AGE='0'
LIBSAGARMATHACONTROLCENTER_CURRENT='1'
LIBSAGARMATHACONTROLCENTER_REVISION='0'
LIBSAGARMATHA_CONTROL_CENTER_CFLAGS='-pthread -I/usr/include/gtk-3.0 -I/usr/include/atk-1.0 -I/usr/include/at-spi2-atk/2.0 -I/usr/include/pango-1.0 -I/usr/include/gio-unix-2.0/ -I/usr/include/cairo -I/usr/include/gdk-pixbuf-2.0 -I/usr/include/glib-2.0 -I/usr/lib/i386-linux-gnu/glib-2.0/include -I/usr/include/harfbuzz -I/usr/include/freetype2 -I/usr/include/pixman-1 -I/usr/include/libpng12 -I/usr/include/sagarmatha-desktop  '
LIBSAGARMATHA_CONTROL_CENTER_LIBS='-pthread -lgthread-2.0 -lsagarmatha-desktop -lgtk-3 -lgdk-3 -latk-1.0 -lpangocairo-1.0 -lcairo-gobject -lpango-1.0 -lcairo -lnotify -lgdk_pixbuf-2.0 -lgio-2.0 -lgobject-2.0 -lglib-2.0  '
LIBSHORTCUTS_CFLAGS='-pthread -I/usr/include/gtk-3.0 -I/usr/include/atk-1.0 -I/usr/include/at-spi2-atk/2.0 -I/usr/include/pango-1.0 -I/usr/include/gio-unix-2.0/ -I/usr/include/cairo -I/usr/include/gdk-pixbuf-2.0 -I/usr/include/glib-2.0 -I/usr/lib/i386-linux-gnu/glib-2.0/include -I/usr/include/harfbuzz -I/usr/include/freetype2 -I/usr/include/pixman-1 -I/usr/include/libpng12 -I/usr/include/sagarmatha-desktop  '
LIBSHORTCUTS_LIBS='-pthread -lgthread-2.0 -lsagarmatha-desktop -lgtk-3 -lgdk-3 -latk-1.0 -lpangocairo-1.0 -lcairo-gobject -lpango-1.0 -lcairo -lnotify -lgdk_pixbuf-2.0 -lgio-2.0 -lgobject-2.0 -lglib-2.0 -lX11  '
LIBTOOL='$(SHELL) $(top_builddir)/libtool'
LIPO=''
LN_S='ln -s'
LTLIBOBJS=''
MAINT='#'
MAINTAINER_MODE_FALSE=''
MAINTAINER_MODE_TRUE='#'
MAKEINFO='${SHELL} /home/arun/Downloads/sagarmatha-control-center/missing --run makeinfo'
MANIFEST_TOOL=':'
MEDIA_PANEL_CFLAGS=''
MEDIA_PANEL_LIBS=''
MKDIR_P='/bin/mkdir -p'
MSGFMT='/usr/bin/msgfmt'
MSGMERGE='/usr/bin/msgmerge'
NETWORK_MANAGER_CFLAGS=''
NETWORK_MANAGER_LIBS=''
NETWORK_PANEL_CFLAGS=''
NETWORK_PANEL_LIBS=''
NM='/usr/bin/nm -B'
NMEDIT=''
OBJDUMP='objdump'
OBJEXT='o'
OTOOL64=''
OTOOL=''
PACKAGE='sagarmatha-control-center'
PACKAGE_BUGREPORT='http://bugzilla.gnome.org/enter_bug.cgi?product=sagarmatha-control-center'
PACKAGE_NAME='sagarmatha-control-center'
PACKAGE_STRING='sagarmatha-control-center 2.2.9'
PACKAGE_TARNAME='sagarmatha-control-center'
PACKAGE_URL=''
PACKAGE_VERSION='2.2.9'
PANELS_DIR=''
PANEL_CFLAGS=''
PANEL_LDFLAGS=''
PANEL_LIBS=''
PATH_SEPARATOR=':'
PKG_CONFIG='/usr/bin/pkg-config'
PKG_CONFIG_LIBDIR=''
PKG_CONFIG_PATH=''
POWER_PANEL_CFLAGS=''
POWER_PANEL_LIBS=''
RANLIB='ranlib'
REGION_PANEL_CFLAGS=''
REGION_PANEL_LIBS=''
SCREEN_PANEL_CFLAGS=''
SCREEN_PANEL_LIBS=''
SED='/bin/sed'
SET_MAKE=''
SHELL='/bin/bash'
SHELL_CFLAGS=''
SHELL_LIBS=''
SOCIALWEB_CFLAGS=''
SOCIALWEB_LIBS=''
SOUND_PANEL_CFLAGS=''
SOUND_PANEL_LIBS=''
STRIP='strip'
UNIVERSAL_ACCESS_PANEL_CFLAGS=''
UNIVERSAL_ACCESS_PANEL_LIBS=''
UPDATE_MIME_DATABASE=''
USE_NLS='yes'
VERSION='2.2.9'
WACOM_PANEL_CFLAGS=''
WACOM_PANEL_LIBS=''
WARN_CFLAGS='-Wall -Wmissing-prototypes -Wnested-externs -Wpointer-arith -Wno-sign-compare '
WITH_LIBSOCIALWEB_FALSE=''
WITH_LIBSOCIALWEB_TRUE=''
XF86MISC_LIBS=''
XGETTEXT='/usr/bin/xgettext'
XMKMF=''
XSLTPROC='/usr/bin/xsltproc'
X_CFLAGS=''
X_EXTRA_LIBS=''
X_LIBS=''
X_PRE_LIBS=' -lSM -lICE'
ac_ct_AR='ar'
ac_ct_CC='gcc'
ac_ct_DUMPBIN=''
am__EXEEXT_FALSE=''
am__EXEEXT_TRUE=''
am__fastdepCC_FALSE=''
am__fastdepCC_TRUE='#'
am__include='include'
am__isrc=''
am__leading_dot='.'
am__nodep=''
am__quote=''
am__tar='tar --format=ustar -chf - "$$tardir"'
am__untar='tar -xf -'
bindir='${exec_prefix}/bin'
build='i686-pc-linux-gnu'
build_alias='i686-linux-gnu'
build_cpu='i686'
build_os='linux-gnu'
build_vendor='pc'
datadir='${datarootdir}'
datarootdir='${prefix}/share'
docdir='${datarootdir}/doc/${PACKAGE_TARNAME}'
dvidir='${docdir}'
exec_prefix='NONE'
host='i686-pc-linux-gnu'
host_alias=''
host_cpu='i686'
host_os='linux-gnu'
host_vendor='pc'
htmldir='${docdir}'
includedir='${prefix}/include'
infodir='${prefix}/share/info'
install_sh='${SHELL} /home/arun/Downloads/sagarmatha-control-center/install-sh'
intltool__v_merge_options_0='-q'
intltool__v_merge_options_='$(intltool__v_merge_options_$(AM_DEFAULT_VERBOSITY))'
libdir='${exec_prefix}/lib'
libexecdir='${prefix}/lib/sagarmatha-control-center'
localedir='${datarootdir}/locale'
localstatedir='/var'
mandir='${prefix}/share/man'
mkdir_p='/bin/mkdir -p'
oldincludedir='/usr/include'
pdfdir='${docdir}'
prefix='/usr'
program_transform_name='s,x,x,'
psdir='${docdir}'
sbindir='${exec_prefix}/sbin'
sharedstatedir='${prefix}/com'
sysconfdir='/etc'
target_alias=''

## ----------- ##
## confdefs.h. ##
## ----------- ##

/* confdefs.h */
#define PACKAGE_NAME "sagarmatha-control-center"
#define PACKAGE_TARNAME "sagarmatha-control-center"
#define PACKAGE_VERSION "2.2.9"
#define PACKAGE_STRING "sagarmatha-control-center 2.2.9"
#define PACKAGE_BUGREPORT "http://bugzilla.gnome.org/enter_bug.cgi?product=sagarmatha-control-center"
#define PACKAGE_URL ""
#define PACKAGE "sagarmatha-control-center"
#define VERSION "2.2.9"
#define STDC_HEADERS 1
#define HAVE_SYS_TYPES_H 1
#define HAVE_SYS_STAT_H 1
#define HAVE_STDLIB_H 1
#define HAVE_STRING_H 1
#define HAVE_MEMORY_H 1
#define HAVE_STRINGS_H 1
#define HAVE_INTTYPES_H 1
#define HAVE_STDINT_H 1
#define HAVE_UNISTD_H 1
#define HAVE_DLFCN_H 1
#define LT_OBJDIR ".libs/"
#define GETTEXT_PACKAGE "sagarmatha-control-center"
#define HAVE_X11_XLIB_H 1
#define HAVE_X11_EXTENSIONS_XKB_H 1
#define HAVE_LIBM 1

configure: exit 1
